{"D:\\67160408\\student-api\\app.js": {"path":"D:\\67160408\\student-api\\app.js","statementMap":{"0":{"start":{"line":1,"column":16},"end":{"line":1,"column":34}},"1":{"start":{"line":2,"column":15},"end":{"line":2,"column":32}},"2":{"start":{"line":3,"column":13},"end":{"line":3,"column":28}},"3":{"start":{"line":5,"column":15},"end":{"line":5,"column":32}},"4":{"start":{"line":8,"column":19},"end":{"line":8,"column":43}},"5":{"start":{"line":9,"column":17},"end":{"line":9,"column":45}},"6":{"start":{"line":10,"column":17},"end":{"line":10,"column":45}},"7":{"start":{"line":12,"column":12},"end":{"line":12,"column":21}},"8":{"start":{"line":14,"column":0},"end":{"line":14,"column":18}},"9":{"start":{"line":15,"column":0},"end":{"line":15,"column":16}},"10":{"start":{"line":16,"column":0},"end":{"line":16,"column":24}},"11":{"start":{"line":19,"column":0},"end":{"line":19,"column":36}},"12":{"start":{"line":20,"column":0},"end":{"line":20,"column":29}},"13":{"start":{"line":21,"column":0},"end":{"line":21,"column":29}},"14":{"start":{"line":24,"column":0},"end":{"line":26,"column":3}},"15":{"start":{"line":25,"column":2},"end":{"line":25,"column":63}},"16":{"start":{"line":30,"column":0},"end":{"line":34,"column":3}},"17":{"start":{"line":31,"column":2},"end":{"line":33,"column":5}},"18":{"start":{"line":37,"column":0},"end":{"line":48,"column":3}},"19":{"start":{"line":38,"column":2},"end":{"line":38,"column":27}},"20":{"start":{"line":41,"column":21},"end":{"line":41,"column":56}},"21":{"start":{"line":42,"column":2},"end":{"line":47,"column":5}},"22":{"start":{"line":50,"column":0},"end":{"line":50,"column":21}}},"fnMap":{"0":{"name":"(anonymous_0)","decl":{"start":{"line":24,"column":13},"end":{"line":24,"column":14}},"loc":{"start":{"line":24,"column":27},"end":{"line":26,"column":1}},"line":24},"1":{"name":"(anonymous_1)","decl":{"start":{"line":30,"column":8},"end":{"line":30,"column":9}},"loc":{"start":{"line":30,"column":22},"end":{"line":34,"column":1}},"line":30},"2":{"name":"(anonymous_2)","decl":{"start":{"line":37,"column":8},"end":{"line":37,"column":9}},"loc":{"start":{"line":37,"column":33},"end":{"line":48,"column":1}},"line":37}},"branchMap":{"0":{"loc":{"start":{"line":41,"column":21},"end":{"line":41,"column":56}},"type":"binary-expr","locations":[{"start":{"line":41,"column":21},"end":{"line":41,"column":31}},{"start":{"line":41,"column":35},"end":{"line":41,"column":49}},{"start":{"line":41,"column":53},"end":{"line":41,"column":56}}],"line":41},"1":{"loc":{"start":{"line":44,"column":12},"end":{"line":44,"column":78}},"type":"cond-expr","locations":[{"start":{"line":44,"column":33},"end":{"line":44,"column":56}},{"start":{"line":44,"column":59},"end":{"line":44,"column":78}}],"line":44},"2":{"loc":{"start":{"line":44,"column":59},"end":{"line":44,"column":78}},"type":"binary-expr","locations":[{"start":{"line":44,"column":59},"end":{"line":44,"column":67}},{"start":{"line":44,"column":71},"end":{"line":44,"column":78}}],"line":44},"3":{"loc":{"start":{"line":45,"column":15},"end":{"line":45,"column":87}},"type":"cond-expr","locations":[{"start":{"line":45,"column":36},"end":{"line":45,"column":73}},{"start":{"line":45,"column":76},"end":{"line":45,"column":87}}],"line":45}},"s":{"0":2,"1":2,"2":2,"3":2,"4":2,"5":2,"6":2,"7":2,"8":2,"9":2,"10":2,"11":2,"12":2,"13":2,"14":2,"15":0,"16":2,"17":0,"18":2,"19":8,"20":8,"21":8,"22":2},"f":{"0":0,"1":0,"2":8},"b":{"0":[8,8,8],"1":[8,0],"2":[0,0],"3":[8,0]},"_coverageSchema":"1a1c01bbd47fc00a2c39e90264f33305004495a9","hash":"24622cbf0c621314e0b709811e3088e91eb16b47"}
,"D:\\67160408\\student-api\\auth-helpers.js": {"path":"D:\\67160408\\student-api\\auth-helpers.js","statementMap":{"0":{"start":{"line":1,"column":15},"end":{"line":1,"column":32}},"1":{"start":{"line":2,"column":12},"end":{"line":2,"column":35}},"2":{"start":{"line":4,"column":20},"end":{"line":4,"column":22}},"3":{"start":{"line":9,"column":2},"end":{"line":9,"column":67}},"4":{"start":{"line":9,"column":33},"end":{"line":9,"column":67}},"5":{"start":{"line":12,"column":23},"end":{"line":15,"column":3}},"6":{"start":{"line":17,"column":2},"end":{"line":17,"column":51}},"7":{"start":{"line":18,"column":2},"end":{"line":18,"column":50}},"8":{"start":{"line":20,"column":2},"end":{"line":20,"column":21}},"9":{"start":{"line":27,"column":2},"end":{"line":27,"column":61}},"10":{"start":{"line":31,"column":2},"end":{"line":35,"column":4}},"11":{"start":{"line":38,"column":0},"end":{"line":38,"column":65}}},"fnMap":{"0":{"name":"hashPassword","decl":{"start":{"line":7,"column":15},"end":{"line":7,"column":27}},"loc":{"start":{"line":7,"column":43},"end":{"line":24,"column":1}},"line":7},"1":{"name":"verifyPassword","decl":{"start":{"line":26,"column":15},"end":{"line":26,"column":29}},"loc":{"start":{"line":26,"column":61},"end":{"line":28,"column":1}},"line":26},"2":{"name":"generateToken","decl":{"start":{"line":30,"column":9},"end":{"line":30,"column":22}},"loc":{"start":{"line":30,"column":29},"end":{"line":36,"column":1}},"line":30}},"branchMap":{"0":{"loc":{"start":{"line":9,"column":2},"end":{"line":9,"column":67}},"type":"if","locations":[{"start":{"line":9,"column":2},"end":{"line":9,"column":67}},{"start":{},"end":{}}],"line":9}},"s":{"0":3,"1":3,"2":3,"3":9,"4":1,"5":8,"6":8,"7":8,"8":8,"9":3,"10":1,"11":3},"f":{"0":9,"1":3,"2":1},"b":{"0":[1,8]},"_coverageSchema":"1a1c01bbd47fc00a2c39e90264f33305004495a9","hash":"56f6cb104dbeb3609df719f583f8ce84ba4b4ceb"}
,"D:\\67160408\\student-api\\cache.js": {"path":"D:\\67160408\\student-api\\cache.js","statementMap":{"0":{"start":{"line":1,"column":25},"end":{"line":1,"column":41}},"1":{"start":{"line":3,"column":20},"end":{"line":3,"column":62}},"2":{"start":{"line":5,"column":0},"end":{"line":5,"column":75}},"3":{"start":{"line":5,"column":33},"end":{"line":5,"column":73}},"4":{"start":{"line":8,"column":4},"end":{"line":8,"column":32}},"5":{"start":{"line":9,"column":4},"end":{"line":9,"column":42}},"6":{"start":{"line":12,"column":0},"end":{"line":12,"column":47}}},"fnMap":{"0":{"name":"(anonymous_0)","decl":{"start":{"line":5,"column":24},"end":{"line":5,"column":25}},"loc":{"start":{"line":5,"column":33},"end":{"line":5,"column":73}},"line":5},"1":{"name":"connectRedis","decl":{"start":{"line":7,"column":15},"end":{"line":7,"column":27}},"loc":{"start":{"line":7,"column":30},"end":{"line":10,"column":1}},"line":7}},"branchMap":{},"s":{"0":2,"1":2,"2":2,"3":0,"4":0,"5":0,"6":2},"f":{"0":0,"1":0},"b":{},"_coverageSchema":"1a1c01bbd47fc00a2c39e90264f33305004495a9","hash":"87300d4db5a17a10ee11806768002965c1af7fd4"}
,"D:\\67160408\\student-api\\db.js": {"path":"D:\\67160408\\student-api\\db.js","statementMap":{"0":{"start":{"line":1,"column":14},"end":{"line":1,"column":39}},"1":{"start":{"line":3,"column":13},"end":{"line":11,"column":2}},"2":{"start":{"line":13,"column":0},"end":{"line":13,"column":22}}},"fnMap":{},"branchMap":{},"s":{"0":2,"1":2,"2":2},"f":{},"b":{},"_coverageSchema":"1a1c01bbd47fc00a2c39e90264f33305004495a9","hash":"42bb58b0e4935d818815e957a1ed5269a747bad1"}
,"D:\\67160408\\student-api\\sendError.js": {"path":"D:\\67160408\\student-api\\sendError.js","statementMap":{"0":{"start":{"line":7,"column":2},"end":{"line":7,"column":67}},"1":{"start":{"line":10,"column":0},"end":{"line":10,"column":27}}},"fnMap":{"0":{"name":"sendError","decl":{"start":{"line":6,"column":9},"end":{"line":6,"column":18}},"loc":{"start":{"line":6,"column":51},"end":{"line":8,"column":1}},"line":6}},"branchMap":{},"s":{"0":0,"1":2},"f":{"0":0},"b":{},"_coverageSchema":"1a1c01bbd47fc00a2c39e90264f33305004495a9","hash":"2b5e3f6dba399ea61c345bf767adbea14e2b7332"}
,"D:\\67160408\\student-api\\middlewares\\auth.js": {"path":"D:\\67160408\\student-api\\middlewares\\auth.js","statementMap":{"0":{"start":{"line":1,"column":12},"end":{"line":1,"column":35}},"1":{"start":{"line":4,"column":21},"end":{"line":4,"column":49}},"2":{"start":{"line":5,"column":16},"end":{"line":5,"column":54}},"3":{"start":{"line":7,"column":2},"end":{"line":11,"column":3}},"4":{"start":{"line":8,"column":4},"end":{"line":10,"column":7}},"5":{"start":{"line":13,"column":2},"end":{"line":20,"column":3}},"6":{"start":{"line":14,"column":4},"end":{"line":14,"column":57}},"7":{"start":{"line":15,"column":4},"end":{"line":15,"column":11}},"8":{"start":{"line":17,"column":4},"end":{"line":19,"column":7}},"9":{"start":{"line":24,"column":2},"end":{"line":40,"column":4}},"10":{"start":{"line":25,"column":4},"end":{"line":29,"column":5}},"11":{"start":{"line":26,"column":6},"end":{"line":28,"column":9}},"12":{"start":{"line":31,"column":4},"end":{"line":38,"column":5}},"13":{"start":{"line":32,"column":6},"end":{"line":37,"column":9}},"14":{"start":{"line":39,"column":4},"end":{"line":39,"column":11}},"15":{"start":{"line":43,"column":0},"end":{"line":43,"column":54}}},"fnMap":{"0":{"name":"authenticateToken","decl":{"start":{"line":3,"column":9},"end":{"line":3,"column":26}},"loc":{"start":{"line":3,"column":43},"end":{"line":21,"column":1}},"line":3},"1":{"name":"authorizeRole","decl":{"start":{"line":23,"column":9},"end":{"line":23,"column":22}},"loc":{"start":{"line":23,"column":40},"end":{"line":41,"column":1}},"line":23},"2":{"name":"(anonymous_2)","decl":{"start":{"line":24,"column":9},"end":{"line":24,"column":10}},"loc":{"start":{"line":24,"column":29},"end":{"line":40,"column":3}},"line":24}},"branchMap":{"0":{"loc":{"start":{"line":5,"column":16},"end":{"line":5,"column":54}},"type":"binary-expr","locations":[{"start":{"line":5,"column":16},"end":{"line":5,"column":26}},{"start":{"line":5,"column":30},"end":{"line":5,"column":54}}],"line":5},"1":{"loc":{"start":{"line":7,"column":2},"end":{"line":11,"column":3}},"type":"if","locations":[{"start":{"line":7,"column":2},"end":{"line":11,"column":3}},{"start":{},"end":{}}],"line":7},"2":{"loc":{"start":{"line":25,"column":4},"end":{"line":29,"column":5}},"type":"if","locations":[{"start":{"line":25,"column":4},"end":{"line":29,"column":5}},{"start":{},"end":{}}],"line":25},"3":{"loc":{"start":{"line":31,"column":4},"end":{"line":38,"column":5}},"type":"if","locations":[{"start":{"line":31,"column":4},"end":{"line":38,"column":5}},{"start":{},"end":{}}],"line":31}},"s":{"0":2,"1":2,"2":2,"3":2,"4":1,"5":1,"6":1,"7":0,"8":1,"9":2,"10":0,"11":0,"12":0,"13":0,"14":0,"15":2},"f":{"0":2,"1":2,"2":0},"b":{"0":[2,1],"1":[1,1],"2":[0,0],"3":[0,0]},"_coverageSchema":"1a1c01bbd47fc00a2c39e90264f33305004495a9","hash":"6aa2a9349188aaf173d5bcf59f13da9a8554b3f6"}
,"D:\\67160408\\student-api\\middlewares\\deprecation.js": {"path":"D:\\67160408\\student-api\\middlewares\\deprecation.js","statementMap":{"0":{"start":{"line":2,"column":26},"end":{"line":2,"column":36}},"1":{"start":{"line":4,"column":2},"end":{"line":7,"column":4}},"2":{"start":{"line":9,"column":2},"end":{"line":12,"column":4}},"3":{"start":{"line":14,"column":2},"end":{"line":14,"column":9}},"4":{"start":{"line":17,"column":0},"end":{"line":17,"column":39}}},"fnMap":{"0":{"name":"deprecationMiddleware","decl":{"start":{"line":1,"column":9},"end":{"line":1,"column":30}},"loc":{"start":{"line":1,"column":47},"end":{"line":15,"column":1}},"line":1}},"branchMap":{},"s":{"0":0,"1":0,"2":0,"3":0,"4":2},"f":{"0":0},"b":{},"_coverageSchema":"1a1c01bbd47fc00a2c39e90264f33305004495a9","hash":"f4f74d7aafc61ab891d7518a4df00e506e289ee2"}
,"D:\\67160408\\student-api\\middlewares\\query-parser.js": {"path":"D:\\67160408\\student-api\\middlewares\\query-parser.js","statementMap":{"0":{"start":{"line":2,"column":2},"end":{"line":5,"column":4}},"1":{"start":{"line":6,"column":2},"end":{"line":6,"column":75}},"2":{"start":{"line":7,"column":2},"end":{"line":7,"column":9}},"3":{"start":{"line":12,"column":28},"end":{"line":12,"column":65}},"4":{"start":{"line":15,"column":2},"end":{"line":18,"column":4}},"5":{"start":{"line":19,"column":2},"end":{"line":19,"column":9}},"6":{"start":{"line":22,"column":0},"end":{"line":22,"column":48}}},"fnMap":{"0":{"name":"parsePagination","decl":{"start":{"line":1,"column":9},"end":{"line":1,"column":24}},"loc":{"start":{"line":1,"column":41},"end":{"line":8,"column":1}},"line":1},"1":{"name":"parseSort","decl":{"start":{"line":14,"column":9},"end":{"line":14,"column":18}},"loc":{"start":{"line":14,"column":35},"end":{"line":20,"column":1}},"line":14}},"branchMap":{"0":{"loc":{"start":{"line":3,"column":22},"end":{"line":3,"column":51}},"type":"binary-expr","locations":[{"start":{"line":3,"column":22},"end":{"line":3,"column":46}},{"start":{"line":3,"column":50},"end":{"line":3,"column":51}}],"line":3},"1":{"loc":{"start":{"line":4,"column":25},"end":{"line":4,"column":56}},"type":"binary-expr","locations":[{"start":{"line":4,"column":25},"end":{"line":4,"column":50}},{"start":{"line":4,"column":54},"end":{"line":4,"column":56}}],"line":4},"2":{"loc":{"start":{"line":16,"column":11},"end":{"line":16,"column":79}},"type":"cond-expr","locations":[{"start":{"line":16,"column":58},"end":{"line":16,"column":72}},{"start":{"line":16,"column":75},"end":{"line":16,"column":79}}],"line":16},"3":{"loc":{"start":{"line":17,"column":11},"end":{"line":17,"column":54}},"type":"cond-expr","locations":[{"start":{"line":17,"column":40},"end":{"line":17,"column":46}},{"start":{"line":17,"column":49},"end":{"line":17,"column":54}}],"line":17}},"s":{"0":0,"1":0,"2":0,"3":2,"4":0,"5":0,"6":2},"f":{"0":0,"1":0},"b":{"0":[0,0],"1":[0,0],"2":[0,0],"3":[0,0]},"_coverageSchema":"1a1c01bbd47fc00a2c39e90264f33305004495a9","hash":"542353c0e80876aa27e6c687547e05236a0267b9"}
,"D:\\67160408\\student-api\\routes\\auth.js": {"path":"D:\\67160408\\student-api\\routes\\auth.js","statementMap":{"0":{"start":{"line":1,"column":16},"end":{"line":1,"column":34}},"1":{"start":{"line":2,"column":15},"end":{"line":2,"column":31}},"2":{"start":{"line":3,"column":13},"end":{"line":3,"column":29}},"3":{"start":{"line":9,"column":4},"end":{"line":9,"column":30}},"4":{"start":{"line":11,"column":30},"end":{"line":11,"column":60}},"5":{"start":{"line":15,"column":0},"end":{"line":56,"column":3}},"6":{"start":{"line":16,"column":30},"end":{"line":16,"column":38}},"7":{"start":{"line":18,"column":2},"end":{"line":25,"column":3}},"8":{"start":{"line":19,"column":4},"end":{"line":24,"column":7}},"9":{"start":{"line":27,"column":2},"end":{"line":55,"column":3}},"10":{"start":{"line":28,"column":25},"end":{"line":28,"column":53}},"11":{"start":{"line":30,"column":21},"end":{"line":33,"column":5}},"12":{"start":{"line":35,"column":4},"end":{"line":42,"column":7}},"13":{"start":{"line":45,"column":4},"end":{"line":52,"column":5}},"14":{"start":{"line":46,"column":6},"end":{"line":51,"column":9}},"15":{"start":{"line":54,"column":4},"end":{"line":54,"column":14}},"16":{"start":{"line":60,"column":0},"end":{"line":113,"column":3}},"17":{"start":{"line":61,"column":30},"end":{"line":61,"column":38}},"18":{"start":{"line":63,"column":2},"end":{"line":70,"column":3}},"19":{"start":{"line":64,"column":4},"end":{"line":69,"column":7}},"20":{"start":{"line":72,"column":2},"end":{"line":112,"column":3}},"21":{"start":{"line":73,"column":19},"end":{"line":76,"column":5}},"22":{"start":{"line":78,"column":4},"end":{"line":85,"column":5}},"23":{"start":{"line":79,"column":6},"end":{"line":84,"column":9}},"24":{"start":{"line":87,"column":17},"end":{"line":87,"column":24}},"25":{"start":{"line":89,"column":28},"end":{"line":92,"column":5}},"26":{"start":{"line":94,"column":4},"end":{"line":101,"column":5}},"27":{"start":{"line":95,"column":6},"end":{"line":100,"column":9}},"28":{"start":{"line":103,"column":18},"end":{"line":103,"column":37}},"29":{"start":{"line":105,"column":4},"end":{"line":108,"column":7}},"30":{"start":{"line":111,"column":4},"end":{"line":111,"column":14}},"31":{"start":{"line":116,"column":0},"end":{"line":118,"column":3}},"32":{"start":{"line":117,"column":2},"end":{"line":117,"column":62}},"33":{"start":{"line":122,"column":0},"end":{"line":188,"column":2}},"34":{"start":{"line":127,"column":41},"end":{"line":127,"column":49}},"35":{"start":{"line":129,"column":4},"end":{"line":136,"column":5}},"36":{"start":{"line":130,"column":6},"end":{"line":135,"column":9}},"37":{"start":{"line":138,"column":4},"end":{"line":186,"column":5}},"38":{"start":{"line":140,"column":21},"end":{"line":143,"column":7}},"39":{"start":{"line":145,"column":6},"end":{"line":152,"column":7}},"40":{"start":{"line":146,"column":8},"end":{"line":151,"column":11}},"41":{"start":{"line":154,"column":19},"end":{"line":154,"column":26}},"42":{"start":{"line":157,"column":30},"end":{"line":160,"column":7}},"43":{"start":{"line":162,"column":6},"end":{"line":169,"column":7}},"44":{"start":{"line":163,"column":8},"end":{"line":168,"column":11}},"45":{"start":{"line":172,"column":30},"end":{"line":172,"column":61}},"46":{"start":{"line":175,"column":6},"end":{"line":178,"column":8}},"47":{"start":{"line":180,"column":6},"end":{"line":182,"column":9}},"48":{"start":{"line":185,"column":6},"end":{"line":185,"column":16}},"49":{"start":{"line":190,"column":0},"end":{"line":190,"column":24}}},"fnMap":{"0":{"name":"(anonymous_0)","decl":{"start":{"line":15,"column":25},"end":{"line":15,"column":26}},"loc":{"start":{"line":15,"column":51},"end":{"line":56,"column":1}},"line":15},"1":{"name":"(anonymous_1)","decl":{"start":{"line":60,"column":22},"end":{"line":60,"column":23}},"loc":{"start":{"line":60,"column":48},"end":{"line":113,"column":1}},"line":60},"2":{"name":"(anonymous_2)","decl":{"start":{"line":116,"column":37},"end":{"line":116,"column":38}},"loc":{"start":{"line":116,"column":51},"end":{"line":118,"column":1}},"line":116},"3":{"name":"(anonymous_3)","decl":{"start":{"line":125,"column":2},"end":{"line":125,"column":3}},"loc":{"start":{"line":125,"column":28},"end":{"line":187,"column":3}},"line":125}},"branchMap":{"0":{"loc":{"start":{"line":18,"column":2},"end":{"line":25,"column":3}},"type":"if","locations":[{"start":{"line":18,"column":2},"end":{"line":25,"column":3}},{"start":{},"end":{}}],"line":18},"1":{"loc":{"start":{"line":18,"column":6},"end":{"line":18,"column":25}},"type":"binary-expr","locations":[{"start":{"line":18,"column":6},"end":{"line":18,"column":12}},{"start":{"line":18,"column":16},"end":{"line":18,"column":25}}],"line":18},"2":{"loc":{"start":{"line":45,"column":4},"end":{"line":52,"column":5}},"type":"if","locations":[{"start":{"line":45,"column":4},"end":{"line":52,"column":5}},{"start":{},"end":{}}],"line":45},"3":{"loc":{"start":{"line":63,"column":2},"end":{"line":70,"column":3}},"type":"if","locations":[{"start":{"line":63,"column":2},"end":{"line":70,"column":3}},{"start":{},"end":{}}],"line":63},"4":{"loc":{"start":{"line":63,"column":6},"end":{"line":63,"column":25}},"type":"binary-expr","locations":[{"start":{"line":63,"column":6},"end":{"line":63,"column":12}},{"start":{"line":63,"column":16},"end":{"line":63,"column":25}}],"line":63},"5":{"loc":{"start":{"line":78,"column":4},"end":{"line":85,"column":5}},"type":"if","locations":[{"start":{"line":78,"column":4},"end":{"line":85,"column":5}},{"start":{},"end":{}}],"line":78},"6":{"loc":{"start":{"line":94,"column":4},"end":{"line":101,"column":5}},"type":"if","locations":[{"start":{"line":94,"column":4},"end":{"line":101,"column":5}},{"start":{},"end":{}}],"line":94},"7":{"loc":{"start":{"line":129,"column":4},"end":{"line":136,"column":5}},"type":"if","locations":[{"start":{"line":129,"column":4},"end":{"line":136,"column":5}},{"start":{},"end":{}}],"line":129},"8":{"loc":{"start":{"line":129,"column":8},"end":{"line":129,"column":36}},"type":"binary-expr","locations":[{"start":{"line":129,"column":8},"end":{"line":129,"column":20}},{"start":{"line":129,"column":24},"end":{"line":129,"column":36}}],"line":129},"9":{"loc":{"start":{"line":145,"column":6},"end":{"line":152,"column":7}},"type":"if","locations":[{"start":{"line":145,"column":6},"end":{"line":152,"column":7}},{"start":{},"end":{}}],"line":145},"10":{"loc":{"start":{"line":162,"column":6},"end":{"line":169,"column":7}},"type":"if","locations":[{"start":{"line":162,"column":6},"end":{"line":169,"column":7}},{"start":{},"end":{}}],"line":162}},"s":{"0":2,"1":2,"2":2,"3":2,"4":2,"5":2,"6":5,"7":5,"8":1,"9":4,"10":4,"11":4,"12":0,"13":4,"14":0,"15":4,"16":2,"17":5,"18":5,"19":0,"20":5,"21":5,"22":2,"23":1,"24":1,"25":1,"26":1,"27":0,"28":1,"29":0,"30":4,"31":2,"32":0,"33":2,"34":0,"35":0,"36":0,"37":0,"38":0,"39":0,"40":0,"41":0,"42":0,"43":0,"44":0,"45":0,"46":0,"47":0,"48":0,"49":2},"f":{"0":5,"1":5,"2":0,"3":0},"b":{"0":[1,4],"1":[5,5],"2":[0,4],"3":[0,5],"4":[5,5],"5":[1,1],"6":[0,1],"7":[0,0],"8":[0,0],"9":[0,0],"10":[0,0]},"_coverageSchema":"1a1c01bbd47fc00a2c39e90264f33305004495a9","hash":"315d2687a15a46eb5d98d8fd76becd8b4e232ee0"}
,"D:\\67160408\\student-api\\routes\\v1Router.js": {"path":"D:\\67160408\\student-api\\routes\\v1Router.js","statementMap":{"0":{"start":{"line":1,"column":16},"end":{"line":1,"column":34}},"1":{"start":{"line":2,"column":17},"end":{"line":2,"column":33}},"2":{"start":{"line":3,"column":18},"end":{"line":3,"column":41}},"3":{"start":{"line":4,"column":13},"end":{"line":4,"column":29}},"4":{"start":{"line":5,"column":24},"end":{"line":5,"column":43}},"5":{"start":{"line":6,"column":39},"end":{"line":6,"column":77}},"6":{"start":{"line":11,"column":4},"end":{"line":11,"column":34}},"7":{"start":{"line":13,"column":30},"end":{"line":13,"column":67}},"8":{"start":{"line":15,"column":0},"end":{"line":15,"column":36}},"9":{"start":{"line":20,"column":0},"end":{"line":107,"column":2}},"10":{"start":{"line":25,"column":22},"end":{"line":25,"column":31}},"11":{"start":{"line":26,"column":36},"end":{"line":26,"column":50}},"12":{"start":{"line":27,"column":29},"end":{"line":27,"column":37}},"13":{"start":{"line":30,"column":6},"end":{"line":34,"column":23}},"14":{"start":{"line":36,"column":4},"end":{"line":105,"column":5}},"15":{"start":{"line":40,"column":21},"end":{"line":40,"column":52}},"16":{"start":{"line":42,"column":6},"end":{"line":47,"column":7}},"17":{"start":{"line":43,"column":8},"end":{"line":46,"column":11}},"18":{"start":{"line":52,"column":22},"end":{"line":52,"column":46}},"19":{"start":{"line":53,"column":23},"end":{"line":53,"column":63}},"20":{"start":{"line":55,"column":21},"end":{"line":55,"column":23}},"21":{"start":{"line":57,"column":6},"end":{"line":61,"column":7}},"22":{"start":{"line":58,"column":8},"end":{"line":58,"column":40}},"23":{"start":{"line":59,"column":8},"end":{"line":59,"column":41}},"24":{"start":{"line":60,"column":8},"end":{"line":60,"column":27}},"25":{"start":{"line":63,"column":6},"end":{"line":63,"column":66}},"26":{"start":{"line":65,"column":21},"end":{"line":68,"column":7}},"27":{"start":{"line":70,"column":28},"end":{"line":73,"column":7}},"28":{"start":{"line":75,"column":27},"end":{"line":83,"column":7}},"29":{"start":{"line":88,"column":6},"end":{"line":94,"column":8}},"30":{"start":{"line":99,"column":6},"end":{"line":102,"column":9}},"31":{"start":{"line":104,"column":6},"end":{"line":104,"column":16}},"32":{"start":{"line":112,"column":0},"end":{"line":135,"column":3}},"33":{"start":{"line":113,"column":2},"end":{"line":134,"column":3}},"34":{"start":{"line":114,"column":19},"end":{"line":117,"column":5}},"35":{"start":{"line":119,"column":4},"end":{"line":126,"column":5}},"36":{"start":{"line":120,"column":6},"end":{"line":125,"column":9}},"37":{"start":{"line":128,"column":4},"end":{"line":131,"column":7}},"38":{"start":{"line":133,"column":4},"end":{"line":133,"column":14}},"39":{"start":{"line":142,"column":0},"end":{"line":159,"column":3}},"40":{"start":{"line":143,"column":2},"end":{"line":158,"column":3}},"41":{"start":{"line":144,"column":19},"end":{"line":150,"column":5}},"42":{"start":{"line":152,"column":4},"end":{"line":155,"column":7}},"43":{"start":{"line":157,"column":4},"end":{"line":157,"column":14}},"44":{"start":{"line":162,"column":0},"end":{"line":192,"column":3}},"45":{"start":{"line":163,"column":19},"end":{"line":163,"column":32}},"46":{"start":{"line":165,"column":2},"end":{"line":191,"column":3}},"47":{"start":{"line":167,"column":19},"end":{"line":167,"column":50}},"48":{"start":{"line":169,"column":4},"end":{"line":174,"column":5}},"49":{"start":{"line":170,"column":6},"end":{"line":173,"column":9}},"50":{"start":{"line":177,"column":19},"end":{"line":177,"column":60}},"51":{"start":{"line":180,"column":4},"end":{"line":182,"column":7}},"52":{"start":{"line":185,"column":4},"end":{"line":188,"column":7}},"53":{"start":{"line":190,"column":4},"end":{"line":190,"column":14}},"54":{"start":{"line":198,"column":0},"end":{"line":239,"column":3}},"55":{"start":{"line":199,"column":33},"end":{"line":199,"column":41}},"56":{"start":{"line":201,"column":2},"end":{"line":208,"column":3}},"57":{"start":{"line":202,"column":4},"end":{"line":207,"column":7}},"58":{"start":{"line":210,"column":2},"end":{"line":238,"column":3}},"59":{"start":{"line":211,"column":21},"end":{"line":214,"column":5}},"60":{"start":{"line":216,"column":4},"end":{"line":216,"column":42}},"61":{"start":{"line":218,"column":4},"end":{"line":226,"column":7}},"62":{"start":{"line":228,"column":4},"end":{"line":235,"column":5}},"63":{"start":{"line":229,"column":6},"end":{"line":234,"column":9}},"64":{"start":{"line":237,"column":4},"end":{"line":237,"column":14}},"65":{"start":{"line":245,"column":0},"end":{"line":312,"column":3}},"66":{"start":{"line":246,"column":20},"end":{"line":246,"column":33}},"67":{"start":{"line":247,"column":23},"end":{"line":247,"column":31}},"68":{"start":{"line":248,"column":21},"end":{"line":248,"column":47}},"69":{"start":{"line":250,"column":2},"end":{"line":311,"column":3}},"70":{"start":{"line":251,"column":4},"end":{"line":251,"column":40}},"71":{"start":{"line":253,"column":25},"end":{"line":256,"column":5}},"72":{"start":{"line":258,"column":4},"end":{"line":267,"column":5}},"73":{"start":{"line":259,"column":6},"end":{"line":259,"column":34}},"74":{"start":{"line":261,"column":6},"end":{"line":266,"column":9}},"75":{"start":{"line":269,"column":4},"end":{"line":278,"column":5}},"76":{"start":{"line":270,"column":6},"end":{"line":270,"column":34}},"77":{"start":{"line":272,"column":6},"end":{"line":277,"column":9}},"78":{"start":{"line":280,"column":4},"end":{"line":283,"column":6}},"79":{"start":{"line":285,"column":4},"end":{"line":288,"column":6}},"80":{"start":{"line":290,"column":4},"end":{"line":290,"column":30}},"81":{"start":{"line":292,"column":4},"end":{"line":294,"column":7}},"82":{"start":{"line":297,"column":4},"end":{"line":297,"column":32}},"83":{"start":{"line":299,"column":4},"end":{"line":306,"column":5}},"84":{"start":{"line":300,"column":6},"end":{"line":305,"column":9}},"85":{"start":{"line":308,"column":4},"end":{"line":308,"column":14}},"86":{"start":{"line":310,"column":4},"end":{"line":310,"column":25}},"87":{"start":{"line":388,"column":0},"end":{"line":473,"column":2}},"88":{"start":{"line":392,"column":22},"end":{"line":392,"column":35}},"89":{"start":{"line":393,"column":35},"end":{"line":393,"column":43}},"90":{"start":{"line":395,"column":4},"end":{"line":471,"column":5}},"91":{"start":{"line":397,"column":21},"end":{"line":400,"column":7}},"92":{"start":{"line":403,"column":6},"end":{"line":410,"column":7}},"93":{"start":{"line":404,"column":8},"end":{"line":409,"column":11}},"94":{"start":{"line":412,"column":22},"end":{"line":412,"column":29}},"95":{"start":{"line":416,"column":6},"end":{"line":426,"column":7}},"96":{"start":{"line":420,"column":8},"end":{"line":425,"column":11}},"97":{"start":{"line":429,"column":6},"end":{"line":436,"column":7}},"98":{"start":{"line":430,"column":8},"end":{"line":435,"column":11}},"99":{"start":{"line":439,"column":6},"end":{"line":444,"column":8}},"100":{"start":{"line":447,"column":6},"end":{"line":456,"column":9}},"101":{"start":{"line":461,"column":6},"end":{"line":468,"column":7}},"102":{"start":{"line":462,"column":8},"end":{"line":467,"column":11}},"103":{"start":{"line":470,"column":6},"end":{"line":470,"column":16}},"104":{"start":{"line":482,"column":0},"end":{"line":550,"column":3}},"105":{"start":{"line":483,"column":20},"end":{"line":483,"column":33}},"106":{"start":{"line":484,"column":33},"end":{"line":484,"column":41}},"107":{"start":{"line":486,"column":2},"end":{"line":549,"column":3}},"108":{"start":{"line":488,"column":19},"end":{"line":491,"column":5}},"109":{"start":{"line":493,"column":4},"end":{"line":500,"column":5}},"110":{"start":{"line":494,"column":6},"end":{"line":499,"column":8}},"111":{"start":{"line":502,"column":20},"end":{"line":502,"column":27}},"112":{"start":{"line":506,"column":6},"end":{"line":506,"column":46}},"113":{"start":{"line":509,"column":6},"end":{"line":509,"column":49}},"114":{"start":{"line":512,"column":6},"end":{"line":512,"column":49}},"115":{"start":{"line":515,"column":4},"end":{"line":525,"column":6}},"116":{"start":{"line":527,"column":4},"end":{"line":535,"column":7}},"117":{"start":{"line":539,"column":4},"end":{"line":546,"column":5}},"118":{"start":{"line":540,"column":6},"end":{"line":545,"column":9}},"119":{"start":{"line":548,"column":4},"end":{"line":548,"column":14}},"120":{"start":{"line":557,"column":0},"end":{"line":585,"column":2}},"121":{"start":{"line":562,"column":4},"end":{"line":583,"column":5}},"122":{"start":{"line":563,"column":23},"end":{"line":566,"column":7}},"123":{"start":{"line":568,"column":6},"end":{"line":575,"column":7}},"124":{"start":{"line":569,"column":8},"end":{"line":574,"column":11}},"125":{"start":{"line":577,"column":6},"end":{"line":579,"column":9}},"126":{"start":{"line":582,"column":6},"end":{"line":582,"column":16}},"127":{"start":{"line":593,"column":0},"end":{"line":643,"column":2}},"128":{"start":{"line":596,"column":22},"end":{"line":596,"column":35}},"129":{"start":{"line":597,"column":21},"end":{"line":597,"column":40}},"130":{"start":{"line":599,"column":23},"end":{"line":599,"column":49}},"131":{"start":{"line":601,"column":4},"end":{"line":641,"column":5}},"132":{"start":{"line":602,"column":6},"end":{"line":602,"column":42}},"133":{"start":{"line":605,"column":23},"end":{"line":608,"column":7}},"134":{"start":{"line":611,"column":6},"end":{"line":620,"column":7}},"135":{"start":{"line":612,"column":8},"end":{"line":612,"column":36}},"136":{"start":{"line":614,"column":8},"end":{"line":619,"column":11}},"137":{"start":{"line":623,"column":6},"end":{"line":626,"column":8}},"138":{"start":{"line":629,"column":6},"end":{"line":629,"column":32}},"139":{"start":{"line":631,"column":6},"end":{"line":633,"column":9}},"140":{"start":{"line":636,"column":6},"end":{"line":636,"column":34}},"141":{"start":{"line":637,"column":6},"end":{"line":637,"column":16}},"142":{"start":{"line":640,"column":6},"end":{"line":640,"column":27}},"143":{"start":{"line":646,"column":0},"end":{"line":646,"column":26}}},"fnMap":{"0":{"name":"(anonymous_0)","decl":{"start":{"line":24,"column":2},"end":{"line":24,"column":3}},"loc":{"start":{"line":24,"column":28},"end":{"line":106,"column":3}},"line":24},"1":{"name":"(anonymous_1)","decl":{"start":{"line":112,"column":30},"end":{"line":112,"column":31}},"loc":{"start":{"line":112,"column":56},"end":{"line":135,"column":1}},"line":112},"2":{"name":"(anonymous_2)","decl":{"start":{"line":142,"column":38},"end":{"line":142,"column":39}},"loc":{"start":{"line":142,"column":64},"end":{"line":159,"column":1}},"line":142},"3":{"name":"(anonymous_3)","decl":{"start":{"line":162,"column":25},"end":{"line":162,"column":26}},"loc":{"start":{"line":162,"column":51},"end":{"line":192,"column":1}},"line":162},"4":{"name":"(anonymous_4)","decl":{"start":{"line":198,"column":27},"end":{"line":198,"column":28}},"loc":{"start":{"line":198,"column":53},"end":{"line":239,"column":1}},"line":198},"5":{"name":"(anonymous_5)","decl":{"start":{"line":245,"column":43},"end":{"line":245,"column":44}},"loc":{"start":{"line":245,"column":69},"end":{"line":312,"column":1}},"line":245},"6":{"name":"(anonymous_6)","decl":{"start":{"line":391,"column":2},"end":{"line":391,"column":3}},"loc":{"start":{"line":391,"column":28},"end":{"line":472,"column":3}},"line":391},"7":{"name":"(anonymous_7)","decl":{"start":{"line":482,"column":32},"end":{"line":482,"column":33}},"loc":{"start":{"line":482,"column":58},"end":{"line":550,"column":1}},"line":482},"8":{"name":"(anonymous_8)","decl":{"start":{"line":561,"column":2},"end":{"line":561,"column":3}},"loc":{"start":{"line":561,"column":28},"end":{"line":584,"column":3}},"line":561},"9":{"name":"(anonymous_9)","decl":{"start":{"line":595,"column":2},"end":{"line":595,"column":3}},"loc":{"start":{"line":595,"column":28},"end":{"line":642,"column":3}},"line":595}},"branchMap":{"0":{"loc":{"start":{"line":32,"column":16},"end":{"line":32,"column":27}},"type":"binary-expr","locations":[{"start":{"line":32,"column":16},"end":{"line":32,"column":21}},{"start":{"line":32,"column":25},"end":{"line":32,"column":27}}],"line":32},"1":{"loc":{"start":{"line":42,"column":6},"end":{"line":47,"column":7}},"type":"if","locations":[{"start":{"line":42,"column":6},"end":{"line":47,"column":7}},{"start":{},"end":{}}],"line":42},"2":{"loc":{"start":{"line":57,"column":6},"end":{"line":61,"column":7}},"type":"if","locations":[{"start":{"line":57,"column":6},"end":{"line":61,"column":7}},{"start":{},"end":{}}],"line":57},"3":{"loc":{"start":{"line":119,"column":4},"end":{"line":126,"column":5}},"type":"if","locations":[{"start":{"line":119,"column":4},"end":{"line":126,"column":5}},{"start":{},"end":{}}],"line":119},"4":{"loc":{"start":{"line":169,"column":4},"end":{"line":174,"column":5}},"type":"if","locations":[{"start":{"line":169,"column":4},"end":{"line":174,"column":5}},{"start":{},"end":{}}],"line":169},"5":{"loc":{"start":{"line":201,"column":2},"end":{"line":208,"column":3}},"type":"if","locations":[{"start":{"line":201,"column":2},"end":{"line":208,"column":3}},{"start":{},"end":{}}],"line":201},"6":{"loc":{"start":{"line":201,"column":6},"end":{"line":201,"column":31}},"type":"binary-expr","locations":[{"start":{"line":201,"column":6},"end":{"line":201,"column":11}},{"start":{"line":201,"column":15},"end":{"line":201,"column":21}},{"start":{"line":201,"column":25},"end":{"line":201,"column":31}}],"line":201},"7":{"loc":{"start":{"line":228,"column":4},"end":{"line":235,"column":5}},"type":"if","locations":[{"start":{"line":228,"column":4},"end":{"line":235,"column":5}},{"start":{},"end":{}}],"line":228},"8":{"loc":{"start":{"line":258,"column":4},"end":{"line":267,"column":5}},"type":"if","locations":[{"start":{"line":258,"column":4},"end":{"line":267,"column":5}},{"start":{},"end":{}}],"line":258},"9":{"loc":{"start":{"line":269,"column":4},"end":{"line":278,"column":5}},"type":"if","locations":[{"start":{"line":269,"column":4},"end":{"line":278,"column":5}},{"start":{},"end":{}}],"line":269},"10":{"loc":{"start":{"line":299,"column":4},"end":{"line":306,"column":5}},"type":"if","locations":[{"start":{"line":299,"column":4},"end":{"line":306,"column":5}},{"start":{},"end":{}}],"line":299},"11":{"loc":{"start":{"line":403,"column":6},"end":{"line":410,"column":7}},"type":"if","locations":[{"start":{"line":403,"column":6},"end":{"line":410,"column":7}},{"start":{},"end":{}}],"line":403},"12":{"loc":{"start":{"line":416,"column":6},"end":{"line":426,"column":7}},"type":"if","locations":[{"start":{"line":416,"column":6},"end":{"line":426,"column":7}},{"start":{},"end":{}}],"line":416},"13":{"loc":{"start":{"line":417,"column":8},"end":{"line":418,"column":33}},"type":"binary-expr","locations":[{"start":{"line":417,"column":8},"end":{"line":417,"column":39}},{"start":{"line":418,"column":8},"end":{"line":418,"column":33}}],"line":417},"14":{"loc":{"start":{"line":429,"column":6},"end":{"line":436,"column":7}},"type":"if","locations":[{"start":{"line":429,"column":6},"end":{"line":436,"column":7}},{"start":{},"end":{}}],"line":429},"15":{"loc":{"start":{"line":429,"column":10},"end":{"line":429,"column":35}},"type":"binary-expr","locations":[{"start":{"line":429,"column":10},"end":{"line":429,"column":15}},{"start":{"line":429,"column":19},"end":{"line":429,"column":25}},{"start":{"line":429,"column":29},"end":{"line":429,"column":35}}],"line":429},"16":{"loc":{"start":{"line":461,"column":6},"end":{"line":468,"column":7}},"type":"if","locations":[{"start":{"line":461,"column":6},"end":{"line":468,"column":7}},{"start":{},"end":{}}],"line":461},"17":{"loc":{"start":{"line":493,"column":4},"end":{"line":500,"column":5}},"type":"if","locations":[{"start":{"line":493,"column":4},"end":{"line":500,"column":5}},{"start":{},"end":{}}],"line":493},"18":{"loc":{"start":{"line":506,"column":6},"end":{"line":506,"column":46}},"type":"cond-expr","locations":[{"start":{"line":506,"column":27},"end":{"line":506,"column":31}},{"start":{"line":506,"column":34},"end":{"line":506,"column":46}}],"line":506},"19":{"loc":{"start":{"line":509,"column":6},"end":{"line":509,"column":49}},"type":"cond-expr","locations":[{"start":{"line":509,"column":28},"end":{"line":509,"column":33}},{"start":{"line":509,"column":36},"end":{"line":509,"column":49}}],"line":509},"20":{"loc":{"start":{"line":512,"column":6},"end":{"line":512,"column":49}},"type":"cond-expr","locations":[{"start":{"line":512,"column":28},"end":{"line":512,"column":33}},{"start":{"line":512,"column":36},"end":{"line":512,"column":49}}],"line":512},"21":{"loc":{"start":{"line":539,"column":4},"end":{"line":546,"column":5}},"type":"if","locations":[{"start":{"line":539,"column":4},"end":{"line":546,"column":5}},{"start":{},"end":{}}],"line":539},"22":{"loc":{"start":{"line":568,"column":6},"end":{"line":575,"column":7}},"type":"if","locations":[{"start":{"line":568,"column":6},"end":{"line":575,"column":7}},{"start":{},"end":{}}],"line":568},"23":{"loc":{"start":{"line":611,"column":6},"end":{"line":620,"column":7}},"type":"if","locations":[{"start":{"line":611,"column":6},"end":{"line":620,"column":7}},{"start":{},"end":{}}],"line":611}},"s":{"0":2,"1":2,"2":2,"3":2,"4":2,"5":2,"6":2,"7":2,"8":2,"9":2,"10":0,"11":0,"12":0,"13":0,"14":0,"15":0,"16":0,"17":0,"18":0,"19":0,"20":0,"21":0,"22":0,"23":0,"24":0,"25":0,"26":0,"27":0,"28":0,"29":0,"30":0,"31":0,"32":2,"33":0,"34":0,"35":0,"36":0,"37":0,"38":0,"39":2,"40":0,"41":0,"42":0,"43":0,"44":2,"45":0,"46":0,"47":0,"48":0,"49":0,"50":0,"51":0,"52":0,"53":0,"54":2,"55":0,"56":0,"57":0,"58":0,"59":0,"60":0,"61":0,"62":0,"63":0,"64":0,"65":2,"66":0,"67":0,"68":0,"69":0,"70":0,"71":0,"72":0,"73":0,"74":0,"75":0,"76":0,"77":0,"78":0,"79":0,"80":0,"81":0,"82":0,"83":0,"84":0,"85":0,"86":0,"87":2,"88":0,"89":0,"90":0,"91":0,"92":0,"93":0,"94":0,"95":0,"96":0,"97":0,"98":0,"99":0,"100":0,"101":0,"102":0,"103":0,"104":2,"105":0,"106":0,"107":0,"108":0,"109":0,"110":0,"111":0,"112":0,"113":0,"114":0,"115":0,"116":0,"117":0,"118":0,"119":0,"120":2,"121":0,"122":0,"123":0,"124":0,"125":0,"126":0,"127":2,"128":0,"129":0,"130":0,"131":0,"132":0,"133":0,"134":0,"135":0,"136":0,"137":0,"138":0,"139":0,"140":0,"141":0,"142":0,"143":2},"f":{"0":0,"1":0,"2":0,"3":0,"4":0,"5":0,"6":0,"7":0,"8":0,"9":0},"b":{"0":[0,0],"1":[0,0],"2":[0,0],"3":[0,0],"4":[0,0],"5":[0,0],"6":[0,0,0],"7":[0,0],"8":[0,0],"9":[0,0],"10":[0,0],"11":[0,0],"12":[0,0],"13":[0,0],"14":[0,0],"15":[0,0,0],"16":[0,0],"17":[0,0],"18":[0,0],"19":[0,0],"20":[0,0],"21":[0,0],"22":[0,0],"23":[0,0]},"_coverageSchema":"1a1c01bbd47fc00a2c39e90264f33305004495a9","hash":"66bd28d5ed9d866be75f04e810fdef803222a7b0"}
,"D:\\67160408\\student-api\\routes\\v2Router.js": {"path":"D:\\67160408\\student-api\\routes\\v2Router.js","statementMap":{"0":{"start":{"line":1,"column":16},"end":{"line":1,"column":34}},"1":{"start":{"line":2,"column":17},"end":{"line":2,"column":33}},"2":{"start":{"line":3,"column":13},"end":{"line":3,"column":29}},"3":{"start":{"line":5,"column":0},"end":{"line":19,"column":3}},"4":{"start":{"line":6,"column":2},"end":{"line":18,"column":3}},"5":{"start":{"line":7,"column":19},"end":{"line":9,"column":5}},"6":{"start":{"line":11,"column":4},"end":{"line":14,"column":7}},"7":{"start":{"line":17,"column":4},"end":{"line":17,"column":14}},"8":{"start":{"line":21,"column":0},"end":{"line":21,"column":26}}},"fnMap":{"0":{"name":"(anonymous_0)","decl":{"start":{"line":5,"column":26},"end":{"line":5,"column":27}},"loc":{"start":{"line":5,"column":52},"end":{"line":19,"column":1}},"line":5}},"branchMap":{},"s":{"0":2,"1":2,"2":2,"3":2,"4":0,"5":0,"6":0,"7":0,"8":2},"f":{"0":0},"b":{},"_coverageSchema":"1a1c01bbd47fc00a2c39e90264f33305004495a9","hash":"761545d6c6d9aee1c903e4ff01ab00dbda0da323"}
}
