{"D:\\BackEnd\\student-api\\app.js": {"path":"D:\\BackEnd\\student-api\\app.js","statementMap":{"0":{"start":{"line":1,"column":16},"end":{"line":1,"column":34}},"1":{"start":{"line":2,"column":15},"end":{"line":2,"column":32}},"2":{"start":{"line":3,"column":13},"end":{"line":3,"column":28}},"3":{"start":{"line":8,"column":19},"end":{"line":8,"column":43}},"4":{"start":{"line":12,"column":12},"end":{"line":12,"column":21}},"5":{"start":{"line":14,"column":0},"end":{"line":14,"column":18}},"6":{"start":{"line":15,"column":0},"end":{"line":15,"column":16}},"7":{"start":{"line":16,"column":0},"end":{"line":16,"column":24}},"8":{"start":{"line":19,"column":0},"end":{"line":19,"column":36}},"9":{"start":{"line":24,"column":0},"end":{"line":26,"column":3}},"10":{"start":{"line":25,"column":2},"end":{"line":25,"column":63}},"11":{"start":{"line":30,"column":0},"end":{"line":34,"column":3}},"12":{"start":{"line":31,"column":2},"end":{"line":33,"column":5}},"13":{"start":{"line":37,"column":0},"end":{"line":48,"column":3}},"14":{"start":{"line":38,"column":2},"end":{"line":38,"column":27}},"15":{"start":{"line":41,"column":21},"end":{"line":41,"column":56}},"16":{"start":{"line":42,"column":2},"end":{"line":47,"column":5}},"17":{"start":{"line":50,"column":0},"end":{"line":50,"column":21}}},"fnMap":{"0":{"name":"(anonymous_0)","decl":{"start":{"line":24,"column":13},"end":{"line":24,"column":14}},"loc":{"start":{"line":24,"column":27},"end":{"line":26,"column":1}},"line":24},"1":{"name":"(anonymous_1)","decl":{"start":{"line":30,"column":8},"end":{"line":30,"column":9}},"loc":{"start":{"line":30,"column":22},"end":{"line":34,"column":1}},"line":30},"2":{"name":"(anonymous_2)","decl":{"start":{"line":37,"column":8},"end":{"line":37,"column":9}},"loc":{"start":{"line":37,"column":33},"end":{"line":48,"column":1}},"line":37}},"branchMap":{"0":{"loc":{"start":{"line":41,"column":21},"end":{"line":41,"column":56}},"type":"binary-expr","locations":[{"start":{"line":41,"column":21},"end":{"line":41,"column":31}},{"start":{"line":41,"column":35},"end":{"line":41,"column":49}},{"start":{"line":41,"column":53},"end":{"line":41,"column":56}}],"line":41},"1":{"loc":{"start":{"line":44,"column":12},"end":{"line":44,"column":78}},"type":"cond-expr","locations":[{"start":{"line":44,"column":33},"end":{"line":44,"column":56}},{"start":{"line":44,"column":59},"end":{"line":44,"column":78}}],"line":44},"2":{"loc":{"start":{"line":44,"column":59},"end":{"line":44,"column":78}},"type":"binary-expr","locations":[{"start":{"line":44,"column":59},"end":{"line":44,"column":67}},{"start":{"line":44,"column":71},"end":{"line":44,"column":78}}],"line":44},"3":{"loc":{"start":{"line":45,"column":15},"end":{"line":45,"column":87}},"type":"cond-expr","locations":[{"start":{"line":45,"column":36},"end":{"line":45,"column":73}},{"start":{"line":45,"column":76},"end":{"line":45,"column":87}}],"line":45}},"s":{"0":3,"1":3,"2":3,"3":3,"4":3,"5":3,"6":3,"7":3,"8":3,"9":3,"10":0,"11":3,"12":0,"13":3,"14":1,"15":1,"16":1,"17":3},"f":{"0":0,"1":0,"2":1},"b":{"0":[1,1,1],"1":[1,0],"2":[0,0],"3":[1,0]},"_coverageSchema":"1a1c01bbd47fc00a2c39e90264f33305004495a9","hash":"1c172cdb3ce494efc6559dee442715cdc14d998b"}
,"D:\\BackEnd\\student-api\\auth-helpers.js": {"path":"D:\\BackEnd\\student-api\\auth-helpers.js","statementMap":{"0":{"start":{"line":1,"column":15},"end":{"line":1,"column":32}},"1":{"start":{"line":2,"column":12},"end":{"line":2,"column":35}},"2":{"start":{"line":4,"column":20},"end":{"line":4,"column":22}},"3":{"start":{"line":9,"column":2},"end":{"line":9,"column":67}},"4":{"start":{"line":9,"column":33},"end":{"line":9,"column":67}},"5":{"start":{"line":22,"column":1},"end":{"line":22,"column":54}},"6":{"start":{"line":26,"column":2},"end":{"line":26,"column":61}},"7":{"start":{"line":30,"column":2},"end":{"line":34,"column":4}},"8":{"start":{"line":37,"column":0},"end":{"line":37,"column":65}}},"fnMap":{"0":{"name":"hashPassword","decl":{"start":{"line":7,"column":15},"end":{"line":7,"column":27}},"loc":{"start":{"line":7,"column":43},"end":{"line":23,"column":1}},"line":7},"1":{"name":"verifyPassword","decl":{"start":{"line":25,"column":15},"end":{"line":25,"column":29}},"loc":{"start":{"line":25,"column":61},"end":{"line":27,"column":1}},"line":25},"2":{"name":"generateToken","decl":{"start":{"line":29,"column":9},"end":{"line":29,"column":22}},"loc":{"start":{"line":29,"column":29},"end":{"line":35,"column":1}},"line":29}},"branchMap":{"0":{"loc":{"start":{"line":9,"column":2},"end":{"line":9,"column":67}},"type":"if","locations":[{"start":{"line":9,"column":2},"end":{"line":9,"column":67}},{"start":{},"end":{}}],"line":9}},"s":{"0":4,"1":4,"2":4,"3":10,"4":1,"5":9,"6":5,"7":2,"8":4},"f":{"0":10,"1":5,"2":2},"b":{"0":[1,9]},"_coverageSchema":"1a1c01bbd47fc00a2c39e90264f33305004495a9","hash":"aa7ba1651fbb669dfc483d3b6ef5318f8b1ee88e"}
,"D:\\BackEnd\\student-api\\db.js": {"path":"D:\\BackEnd\\student-api\\db.js","statementMap":{"0":{"start":{"line":1,"column":14},"end":{"line":1,"column":39}},"1":{"start":{"line":3,"column":13},"end":{"line":11,"column":2}},"2":{"start":{"line":13,"column":0},"end":{"line":13,"column":22}}},"fnMap":{},"branchMap":{},"s":{"0":3,"1":3,"2":3},"f":{},"b":{},"_coverageSchema":"1a1c01bbd47fc00a2c39e90264f33305004495a9","hash":"53dfa604f039108bc70262683cff837b071f9ccb"}
,"D:\\BackEnd\\student-api\\middlewares\\auth.js": {"path":"D:\\BackEnd\\student-api\\middlewares\\auth.js","statementMap":{"0":{"start":{"line":1,"column":12},"end":{"line":1,"column":35}},"1":{"start":{"line":4,"column":21},"end":{"line":4,"column":49}},"2":{"start":{"line":5,"column":16},"end":{"line":5,"column":54}},"3":{"start":{"line":7,"column":2},"end":{"line":11,"column":3}},"4":{"start":{"line":8,"column":4},"end":{"line":10,"column":7}},"5":{"start":{"line":13,"column":2},"end":{"line":20,"column":3}},"6":{"start":{"line":14,"column":4},"end":{"line":14,"column":57}},"7":{"start":{"line":15,"column":4},"end":{"line":15,"column":11}},"8":{"start":{"line":17,"column":4},"end":{"line":19,"column":7}},"9":{"start":{"line":24,"column":2},"end":{"line":40,"column":4}},"10":{"start":{"line":25,"column":4},"end":{"line":29,"column":5}},"11":{"start":{"line":26,"column":6},"end":{"line":28,"column":9}},"12":{"start":{"line":31,"column":4},"end":{"line":38,"column":5}},"13":{"start":{"line":32,"column":6},"end":{"line":37,"column":9}},"14":{"start":{"line":39,"column":4},"end":{"line":39,"column":11}},"15":{"start":{"line":43,"column":0},"end":{"line":43,"column":54}}},"fnMap":{"0":{"name":"authenticateToken","decl":{"start":{"line":3,"column":9},"end":{"line":3,"column":26}},"loc":{"start":{"line":3,"column":43},"end":{"line":21,"column":1}},"line":3},"1":{"name":"authorizeRole","decl":{"start":{"line":23,"column":9},"end":{"line":23,"column":22}},"loc":{"start":{"line":23,"column":40},"end":{"line":41,"column":1}},"line":23},"2":{"name":"(anonymous_2)","decl":{"start":{"line":24,"column":9},"end":{"line":24,"column":10}},"loc":{"start":{"line":24,"column":29},"end":{"line":40,"column":3}},"line":24}},"branchMap":{"0":{"loc":{"start":{"line":5,"column":16},"end":{"line":5,"column":54}},"type":"binary-expr","locations":[{"start":{"line":5,"column":16},"end":{"line":5,"column":26}},{"start":{"line":5,"column":30},"end":{"line":5,"column":54}}],"line":5},"1":{"loc":{"start":{"line":7,"column":2},"end":{"line":11,"column":3}},"type":"if","locations":[{"start":{"line":7,"column":2},"end":{"line":11,"column":3}},{"start":{},"end":{}}],"line":7},"2":{"loc":{"start":{"line":25,"column":4},"end":{"line":29,"column":5}},"type":"if","locations":[{"start":{"line":25,"column":4},"end":{"line":29,"column":5}},{"start":{},"end":{}}],"line":25},"3":{"loc":{"start":{"line":31,"column":4},"end":{"line":38,"column":5}},"type":"if","locations":[{"start":{"line":31,"column":4},"end":{"line":38,"column":5}},{"start":{},"end":{}}],"line":31}},"s":{"0":3,"1":3,"2":3,"3":3,"4":1,"5":2,"6":2,"7":1,"8":1,"9":0,"10":0,"11":0,"12":0,"13":0,"14":0,"15":3},"f":{"0":3,"1":0,"2":0},"b":{"0":[3,2],"1":[1,2],"2":[0,0],"3":[0,0]},"_coverageSchema":"1a1c01bbd47fc00a2c39e90264f33305004495a9","hash":"f2fce1199825bde89edb18874373368c20019363"}
,"D:\\BackEnd\\student-api\\routes\\auth.js": {"path":"D:\\BackEnd\\student-api\\routes\\auth.js","statementMap":{"0":{"start":{"line":1,"column":16},"end":{"line":1,"column":34}},"1":{"start":{"line":2,"column":15},"end":{"line":2,"column":31}},"2":{"start":{"line":3,"column":13},"end":{"line":3,"column":29}},"3":{"start":{"line":9,"column":4},"end":{"line":9,"column":30}},"4":{"start":{"line":11,"column":30},"end":{"line":11,"column":60}},"5":{"start":{"line":15,"column":0},"end":{"line":56,"column":3}},"6":{"start":{"line":16,"column":30},"end":{"line":16,"column":38}},"7":{"start":{"line":18,"column":2},"end":{"line":25,"column":3}},"8":{"start":{"line":19,"column":4},"end":{"line":24,"column":7}},"9":{"start":{"line":27,"column":2},"end":{"line":55,"column":3}},"10":{"start":{"line":28,"column":25},"end":{"line":28,"column":53}},"11":{"start":{"line":30,"column":21},"end":{"line":33,"column":5}},"12":{"start":{"line":35,"column":4},"end":{"line":42,"column":7}},"13":{"start":{"line":45,"column":4},"end":{"line":52,"column":5}},"14":{"start":{"line":46,"column":6},"end":{"line":51,"column":9}},"15":{"start":{"line":54,"column":4},"end":{"line":54,"column":14}},"16":{"start":{"line":60,"column":0},"end":{"line":113,"column":3}},"17":{"start":{"line":61,"column":30},"end":{"line":61,"column":38}},"18":{"start":{"line":63,"column":2},"end":{"line":70,"column":3}},"19":{"start":{"line":64,"column":4},"end":{"line":69,"column":7}},"20":{"start":{"line":72,"column":2},"end":{"line":112,"column":3}},"21":{"start":{"line":73,"column":19},"end":{"line":76,"column":5}},"22":{"start":{"line":78,"column":4},"end":{"line":85,"column":5}},"23":{"start":{"line":79,"column":6},"end":{"line":84,"column":9}},"24":{"start":{"line":87,"column":17},"end":{"line":87,"column":24}},"25":{"start":{"line":89,"column":28},"end":{"line":92,"column":5}},"26":{"start":{"line":94,"column":4},"end":{"line":101,"column":5}},"27":{"start":{"line":95,"column":6},"end":{"line":100,"column":9}},"28":{"start":{"line":103,"column":18},"end":{"line":103,"column":37}},"29":{"start":{"line":105,"column":4},"end":{"line":108,"column":7}},"30":{"start":{"line":111,"column":4},"end":{"line":111,"column":14}},"31":{"start":{"line":116,"column":0},"end":{"line":118,"column":3}},"32":{"start":{"line":117,"column":2},"end":{"line":117,"column":62}},"33":{"start":{"line":122,"column":0},"end":{"line":188,"column":2}},"34":{"start":{"line":127,"column":41},"end":{"line":127,"column":49}},"35":{"start":{"line":129,"column":4},"end":{"line":136,"column":5}},"36":{"start":{"line":130,"column":6},"end":{"line":135,"column":9}},"37":{"start":{"line":138,"column":4},"end":{"line":186,"column":5}},"38":{"start":{"line":140,"column":21},"end":{"line":143,"column":7}},"39":{"start":{"line":145,"column":6},"end":{"line":152,"column":7}},"40":{"start":{"line":146,"column":8},"end":{"line":151,"column":11}},"41":{"start":{"line":154,"column":19},"end":{"line":154,"column":26}},"42":{"start":{"line":157,"column":30},"end":{"line":160,"column":7}},"43":{"start":{"line":162,"column":6},"end":{"line":169,"column":7}},"44":{"start":{"line":163,"column":8},"end":{"line":168,"column":11}},"45":{"start":{"line":172,"column":30},"end":{"line":172,"column":61}},"46":{"start":{"line":175,"column":6},"end":{"line":178,"column":8}},"47":{"start":{"line":180,"column":6},"end":{"line":182,"column":9}},"48":{"start":{"line":185,"column":6},"end":{"line":185,"column":16}},"49":{"start":{"line":190,"column":0},"end":{"line":190,"column":24}}},"fnMap":{"0":{"name":"(anonymous_0)","decl":{"start":{"line":15,"column":25},"end":{"line":15,"column":26}},"loc":{"start":{"line":15,"column":51},"end":{"line":56,"column":1}},"line":15},"1":{"name":"(anonymous_1)","decl":{"start":{"line":60,"column":22},"end":{"line":60,"column":23}},"loc":{"start":{"line":60,"column":48},"end":{"line":113,"column":1}},"line":60},"2":{"name":"(anonymous_2)","decl":{"start":{"line":116,"column":37},"end":{"line":116,"column":38}},"loc":{"start":{"line":116,"column":51},"end":{"line":118,"column":1}},"line":116},"3":{"name":"(anonymous_3)","decl":{"start":{"line":125,"column":2},"end":{"line":125,"column":3}},"loc":{"start":{"line":125,"column":28},"end":{"line":187,"column":3}},"line":125}},"branchMap":{"0":{"loc":{"start":{"line":18,"column":2},"end":{"line":25,"column":3}},"type":"if","locations":[{"start":{"line":18,"column":2},"end":{"line":25,"column":3}},{"start":{},"end":{}}],"line":18},"1":{"loc":{"start":{"line":18,"column":6},"end":{"line":18,"column":25}},"type":"binary-expr","locations":[{"start":{"line":18,"column":6},"end":{"line":18,"column":12}},{"start":{"line":18,"column":16},"end":{"line":18,"column":25}}],"line":18},"2":{"loc":{"start":{"line":45,"column":4},"end":{"line":52,"column":5}},"type":"if","locations":[{"start":{"line":45,"column":4},"end":{"line":52,"column":5}},{"start":{},"end":{}}],"line":45},"3":{"loc":{"start":{"line":63,"column":2},"end":{"line":70,"column":3}},"type":"if","locations":[{"start":{"line":63,"column":2},"end":{"line":70,"column":3}},{"start":{},"end":{}}],"line":63},"4":{"loc":{"start":{"line":63,"column":6},"end":{"line":63,"column":25}},"type":"binary-expr","locations":[{"start":{"line":63,"column":6},"end":{"line":63,"column":12}},{"start":{"line":63,"column":16},"end":{"line":63,"column":25}}],"line":63},"5":{"loc":{"start":{"line":78,"column":4},"end":{"line":85,"column":5}},"type":"if","locations":[{"start":{"line":78,"column":4},"end":{"line":85,"column":5}},{"start":{},"end":{}}],"line":78},"6":{"loc":{"start":{"line":94,"column":4},"end":{"line":101,"column":5}},"type":"if","locations":[{"start":{"line":94,"column":4},"end":{"line":101,"column":5}},{"start":{},"end":{}}],"line":94},"7":{"loc":{"start":{"line":129,"column":4},"end":{"line":136,"column":5}},"type":"if","locations":[{"start":{"line":129,"column":4},"end":{"line":136,"column":5}},{"start":{},"end":{}}],"line":129},"8":{"loc":{"start":{"line":129,"column":8},"end":{"line":129,"column":36}},"type":"binary-expr","locations":[{"start":{"line":129,"column":8},"end":{"line":129,"column":20}},{"start":{"line":129,"column":24},"end":{"line":129,"column":36}}],"line":129},"9":{"loc":{"start":{"line":145,"column":6},"end":{"line":152,"column":7}},"type":"if","locations":[{"start":{"line":145,"column":6},"end":{"line":152,"column":7}},{"start":{},"end":{}}],"line":145},"10":{"loc":{"start":{"line":162,"column":6},"end":{"line":169,"column":7}},"type":"if","locations":[{"start":{"line":162,"column":6},"end":{"line":169,"column":7}},{"start":{},"end":{}}],"line":162}},"s":{"0":3,"1":3,"2":3,"3":3,"4":3,"5":3,"6":6,"7":6,"8":1,"9":5,"10":5,"11":5,"12":4,"13":1,"14":1,"15":0,"16":3,"17":7,"18":7,"19":1,"20":6,"21":6,"22":5,"23":2,"24":3,"25":3,"26":3,"27":1,"28":2,"29":2,"30":1,"31":3,"32":1,"33":3,"34":0,"35":0,"36":0,"37":0,"38":0,"39":0,"40":0,"41":0,"42":0,"43":0,"44":0,"45":0,"46":0,"47":0,"48":0,"49":3},"f":{"0":6,"1":7,"2":1,"3":0},"b":{"0":[1,5],"1":[6,6],"2":[1,0],"3":[1,6],"4":[7,6],"5":[2,3],"6":[1,2],"7":[0,0],"8":[0,0],"9":[0,0],"10":[0,0]},"_coverageSchema":"1a1c01bbd47fc00a2c39e90264f33305004495a9","hash":"528a87c55eaacbc41bf71f8451ee480326bd56d2"}
}
