TN:
SF:app.js
FN:24,(anonymous_0)
FN:30,(anonymous_1)
FN:37,(anonymous_2)
FNF:3
FNH:1
FNDA:0,(anonymous_0)
FNDA:0,(anonymous_1)
FNDA:8,(anonymous_2)
DA:1,2
DA:2,2
DA:3,2
DA:5,2
DA:8,2
DA:9,2
DA:10,2
DA:12,2
DA:14,2
DA:15,2
DA:16,2
DA:19,2
DA:20,2
DA:21,2
DA:24,2
DA:25,0
DA:30,2
DA:31,0
DA:37,2
DA:38,8
DA:41,8
DA:42,8
DA:50,2
LF:23
LH:21
BRDA:41,0,0,8
BRDA:41,0,1,8
BRDA:41,0,2,8
BRDA:44,1,0,8
BRDA:44,1,1,0
BRDA:44,2,0,0
BRDA:44,2,1,0
BRDA:45,3,0,8
BRDA:45,3,1,0
BRF:9
BRH:5
end_of_record
TN:
SF:auth-helpers.js
FN:7,hashPassword
FN:26,verifyPassword
FN:30,generateToken
FNF:3
FNH:3
FNDA:9,hashPassword
FNDA:3,verifyPassword
FNDA:1,generateToken
DA:1,3
DA:2,3
DA:4,3
DA:9,9
DA:12,8
DA:17,8
DA:18,8
DA:20,8
DA:27,3
DA:31,1
DA:38,3
LF:11
LH:11
BRDA:9,0,0,1
BRDA:9,0,1,8
BRF:2
BRH:2
end_of_record
TN:
SF:cache.js
FN:5,(anonymous_0)
FN:7,connectRedis
FNF:2
FNH:0
FNDA:0,(anonymous_0)
FNDA:0,connectRedis
DA:1,2
DA:3,2
DA:5,2
DA:8,0
DA:9,0
DA:12,2
LF:6
LH:4
BRF:0
BRH:0
end_of_record
TN:
SF:db.js
FNF:0
FNH:0
DA:1,2
DA:3,2
DA:13,2
LF:3
LH:3
BRF:0
BRH:0
end_of_record
TN:
SF:sendError.js
FN:6,sendError
FNF:1
FNH:0
FNDA:0,sendError
DA:7,0
DA:10,2
LF:2
LH:1
BRF:0
BRH:0
end_of_record
TN:
SF:middlewares\auth.js
FN:3,authenticateToken
FN:23,authorizeRole
FN:24,(anonymous_2)
FNF:3
FNH:2
FNDA:2,authenticateToken
FNDA:2,authorizeRole
FNDA:0,(anonymous_2)
DA:1,2
DA:4,2
DA:5,2
DA:7,2
DA:8,1
DA:13,1
DA:14,1
DA:15,0
DA:17,1
DA:24,2
DA:25,0
DA:26,0
DA:31,0
DA:32,0
DA:39,0
DA:43,2
LF:16
LH:10
BRDA:5,0,0,2
BRDA:5,0,1,1
BRDA:7,1,0,1
BRDA:7,1,1,1
BRDA:25,2,0,0
BRDA:25,2,1,0
BRDA:31,3,0,0
BRDA:31,3,1,0
BRF:8
BRH:4
end_of_record
TN:
SF:middlewares\deprecation.js
FN:1,deprecationMiddleware
FNF:1
FNH:0
FNDA:0,deprecationMiddleware
DA:2,0
DA:4,0
DA:9,0
DA:14,0
DA:17,2
LF:5
LH:1
BRF:0
BRH:0
end_of_record
TN:
SF:middlewares\query-parser.js
FN:1,parsePagination
FN:14,parseSort
FNF:2
FNH:0
FNDA:0,parsePagination
FNDA:0,parseSort
DA:2,0
DA:6,0
DA:7,0
DA:12,2
DA:15,0
DA:19,0
DA:22,2
LF:7
LH:2
BRDA:3,0,0,0
BRDA:3,0,1,0
BRDA:4,1,0,0
BRDA:4,1,1,0
BRDA:16,2,0,0
BRDA:16,2,1,0
BRDA:17,3,0,0
BRDA:17,3,1,0
BRF:8
BRH:0
end_of_record
TN:
SF:routes\auth.js
FN:15,(anonymous_0)
FN:60,(anonymous_1)
FN:116,(anonymous_2)
FN:125,(anonymous_3)
FNF:4
FNH:2
FNDA:5,(anonymous_0)
FNDA:5,(anonymous_1)
FNDA:0,(anonymous_2)
FNDA:0,(anonymous_3)
DA:1,2
DA:2,2
DA:3,2
DA:9,2
DA:11,2
DA:15,2
DA:16,5
DA:18,5
DA:19,1
DA:27,4
DA:28,4
DA:30,4
DA:35,0
DA:45,4
DA:46,0
DA:54,4
DA:60,2
DA:61,5
DA:63,5
DA:64,0
DA:72,5
DA:73,5
DA:78,2
DA:79,1
DA:87,1
DA:89,1
DA:94,1
DA:95,0
DA:103,1
DA:105,0
DA:111,4
DA:116,2
DA:117,0
DA:122,2
DA:127,0
DA:129,0
DA:130,0
DA:138,0
DA:140,0
DA:145,0
DA:146,0
DA:154,0
DA:157,0
DA:162,0
DA:163,0
DA:172,0
DA:175,0
DA:180,0
DA:185,0
DA:190,2
LF:50
LH:29
BRDA:18,0,0,1
BRDA:18,0,1,4
BRDA:18,1,0,5
BRDA:18,1,1,5
BRDA:45,2,0,0
BRDA:45,2,1,4
BRDA:63,3,0,0
BRDA:63,3,1,5
BRDA:63,4,0,5
BRDA:63,4,1,5
BRDA:78,5,0,1
BRDA:78,5,1,1
BRDA:94,6,0,0
BRDA:94,6,1,1
BRDA:129,7,0,0
BRDA:129,7,1,0
BRDA:129,8,0,0
BRDA:129,8,1,0
BRDA:145,9,0,0
BRDA:145,9,1,0
BRDA:162,10,0,0
BRDA:162,10,1,0
BRF:22
BRH:11
end_of_record
TN:
SF:routes\v1Router.js
FN:24,(anonymous_0)
FN:112,(anonymous_1)
FN:142,(anonymous_2)
FN:162,(anonymous_3)
FN:198,(anonymous_4)
FN:245,(anonymous_5)
FN:391,(anonymous_6)
FN:482,(anonymous_7)
FN:561,(anonymous_8)
FN:595,(anonymous_9)
FNF:10
FNH:0
FNDA:0,(anonymous_0)
FNDA:0,(anonymous_1)
FNDA:0,(anonymous_2)
FNDA:0,(anonymous_3)
FNDA:0,(anonymous_4)
FNDA:0,(anonymous_5)
FNDA:0,(anonymous_6)
FNDA:0,(anonymous_7)
FNDA:0,(anonymous_8)
FNDA:0,(anonymous_9)
DA:1,2
DA:2,2
DA:3,2
DA:4,2
DA:5,2
DA:6,2
DA:11,2
DA:13,2
DA:15,2
DA:20,2
DA:25,0
DA:26,0
DA:27,0
DA:30,0
DA:36,0
DA:40,0
DA:42,0
DA:43,0
DA:52,0
DA:53,0
DA:55,0
DA:57,0
DA:58,0
DA:59,0
DA:60,0
DA:63,0
DA:65,0
DA:70,0
DA:75,0
DA:88,0
DA:99,0
DA:104,0
DA:112,2
DA:113,0
DA:114,0
DA:119,0
DA:120,0
DA:128,0
DA:133,0
DA:142,2
DA:143,0
DA:144,0
DA:152,0
DA:157,0
DA:162,2
DA:163,0
DA:165,0
DA:167,0
DA:169,0
DA:170,0
DA:177,0
DA:180,0
DA:185,0
DA:190,0
DA:198,2
DA:199,0
DA:201,0
DA:202,0
DA:210,0
DA:211,0
DA:216,0
DA:218,0
DA:228,0
DA:229,0
DA:237,0
DA:245,2
DA:246,0
DA:247,0
DA:248,0
DA:250,0
DA:251,0
DA:253,0
DA:258,0
DA:259,0
DA:261,0
DA:269,0
DA:270,0
DA:272,0
DA:280,0
DA:285,0
DA:290,0
DA:292,0
DA:297,0
DA:299,0
DA:300,0
DA:308,0
DA:310,0
DA:388,2
DA:392,0
DA:393,0
DA:395,0
DA:397,0
DA:403,0
DA:404,0
DA:412,0
DA:416,0
DA:420,0
DA:429,0
DA:430,0
DA:439,0
DA:447,0
DA:461,0
DA:462,0
DA:470,0
DA:482,2
DA:483,0
DA:484,0
DA:486,0
DA:488,0
DA:493,0
DA:494,0
DA:502,0
DA:506,0
DA:509,0
DA:512,0
DA:515,0
DA:527,0
DA:539,0
DA:540,0
DA:548,0
DA:557,2
DA:562,0
DA:563,0
DA:568,0
DA:569,0
DA:577,0
DA:582,0
DA:593,2
DA:596,0
DA:597,0
DA:599,0
DA:601,0
DA:602,0
DA:605,0
DA:611,0
DA:612,0
DA:614,0
DA:623,0
DA:629,0
DA:631,0
DA:636,0
DA:637,0
DA:640,0
DA:646,2
LF:144
LH:20
BRDA:32,0,0,0
BRDA:32,0,1,0
BRDA:42,1,0,0
BRDA:42,1,1,0
BRDA:57,2,0,0
BRDA:57,2,1,0
BRDA:119,3,0,0
BRDA:119,3,1,0
BRDA:169,4,0,0
BRDA:169,4,1,0
BRDA:201,5,0,0
BRDA:201,5,1,0
BRDA:201,6,0,0
BRDA:201,6,1,0
BRDA:201,6,2,0
BRDA:228,7,0,0
BRDA:228,7,1,0
BRDA:258,8,0,0
BRDA:258,8,1,0
BRDA:269,9,0,0
BRDA:269,9,1,0
BRDA:299,10,0,0
BRDA:299,10,1,0
BRDA:403,11,0,0
BRDA:403,11,1,0
BRDA:416,12,0,0
BRDA:416,12,1,0
BRDA:417,13,0,0
BRDA:417,13,1,0
BRDA:429,14,0,0
BRDA:429,14,1,0
BRDA:429,15,0,0
BRDA:429,15,1,0
BRDA:429,15,2,0
BRDA:461,16,0,0
BRDA:461,16,1,0
BRDA:493,17,0,0
BRDA:493,17,1,0
BRDA:506,18,0,0
BRDA:506,18,1,0
BRDA:509,19,0,0
BRDA:509,19,1,0
BRDA:512,20,0,0
BRDA:512,20,1,0
BRDA:539,21,0,0
BRDA:539,21,1,0
BRDA:568,22,0,0
BRDA:568,22,1,0
BRDA:611,23,0,0
BRDA:611,23,1,0
BRF:50
BRH:0
end_of_record
TN:
SF:routes\v2Router.js
FN:5,(anonymous_0)
FNF:1
FNH:0
FNDA:0,(anonymous_0)
DA:1,2
DA:2,2
DA:3,2
DA:5,2
DA:6,0
DA:7,0
DA:11,0
DA:17,0
DA:21,2
LF:9
LH:5
BRF:0
BRH:0
end_of_record
