TN:
SF:app.js
FN:24,(anonymous_0)
FN:30,(anonymous_1)
FN:37,(anonymous_2)
FNF:3
FNH:1
FNDA:0,(anonymous_0)
FNDA:0,(anonymous_1)
FNDA:1,(anonymous_2)
DA:1,3
DA:2,3
DA:3,3
DA:8,3
DA:12,3
DA:14,3
DA:15,3
DA:16,3
DA:19,3
DA:24,3
DA:25,0
DA:30,3
DA:31,0
DA:37,3
DA:38,1
DA:41,1
DA:42,1
DA:50,3
LF:18
LH:16
BRDA:41,0,0,1
BRDA:41,0,1,1
BRDA:41,0,2,1
BRDA:44,1,0,1
BRDA:44,1,1,0
BRDA:44,2,0,0
BRDA:44,2,1,0
BRDA:45,3,0,1
BRDA:45,3,1,0
BRF:9
BRH:5
end_of_record
TN:
SF:auth-helpers.js
FN:7,hashPassword
FN:25,verifyPassword
FN:29,generateToken
FNF:3
FNH:3
FNDA:10,hashPassword
FNDA:5,verifyPassword
FNDA:2,generateToken
DA:1,4
DA:2,4
DA:4,4
DA:9,10
DA:22,9
DA:26,5
DA:30,2
DA:37,4
LF:8
LH:8
BRDA:9,0,0,1
BRDA:9,0,1,9
BRF:2
BRH:2
end_of_record
TN:
SF:db.js
FNF:0
FNH:0
DA:1,3
DA:3,3
DA:13,3
LF:3
LH:3
BRF:0
BRH:0
end_of_record
TN:
SF:middlewares\auth.js
FN:3,authenticateToken
FN:23,authorizeRole
FN:24,(anonymous_2)
FNF:3
FNH:1
FNDA:3,authenticateToken
FNDA:0,authorizeRole
FNDA:0,(anonymous_2)
DA:1,3
DA:4,3
DA:5,3
DA:7,3
DA:8,1
DA:13,2
DA:14,2
DA:15,1
DA:17,1
DA:24,0
DA:25,0
DA:26,0
DA:31,0
DA:32,0
DA:39,0
DA:43,3
LF:16
LH:10
BRDA:5,0,0,3
BRDA:5,0,1,2
BRDA:7,1,0,1
BRDA:7,1,1,2
BRDA:25,2,0,0
BRDA:25,2,1,0
BRDA:31,3,0,0
BRDA:31,3,1,0
BRF:8
BRH:4
end_of_record
TN:
SF:routes\auth.js
FN:15,(anonymous_0)
FN:60,(anonymous_1)
FN:116,(anonymous_2)
FN:125,(anonymous_3)
FNF:4
FNH:3
FNDA:6,(anonymous_0)
FNDA:7,(anonymous_1)
FNDA:1,(anonymous_2)
FNDA:0,(anonymous_3)
DA:1,3
DA:2,3
DA:3,3
DA:9,3
DA:11,3
DA:15,3
DA:16,6
DA:18,6
DA:19,1
DA:27,5
DA:28,5
DA:30,5
DA:35,4
DA:45,1
DA:46,1
DA:54,0
DA:60,3
DA:61,7
DA:63,7
DA:64,1
DA:72,6
DA:73,6
DA:78,5
DA:79,2
DA:87,3
DA:89,3
DA:94,3
DA:95,1
DA:103,2
DA:105,2
DA:111,1
DA:116,3
DA:117,1
DA:122,3
DA:127,0
DA:129,0
DA:130,0
DA:138,0
DA:140,0
DA:145,0
DA:146,0
DA:154,0
DA:157,0
DA:162,0
DA:163,0
DA:172,0
DA:175,0
DA:180,0
DA:185,0
DA:190,3
LF:50
LH:34
BRDA:18,0,0,1
BRDA:18,0,1,5
BRDA:18,1,0,6
BRDA:18,1,1,6
BRDA:45,2,0,1
BRDA:45,2,1,0
BRDA:63,3,0,1
BRDA:63,3,1,6
BRDA:63,4,0,7
BRDA:63,4,1,6
BRDA:78,5,0,2
BRDA:78,5,1,3
BRDA:94,6,0,1
BRDA:94,6,1,2
BRDA:129,7,0,0
BRDA:129,7,1,0
BRDA:129,8,0,0
BRDA:129,8,1,0
BRDA:145,9,0,0
BRDA:145,9,1,0
BRDA:162,10,0,0
BRDA:162,10,1,0
BRF:22
BRH:13
end_of_record
